SF:C:\src\learning\eCommMicroservices\src\Services\Catalog\Catalog.Api\Program.cs
FN:6,System.Void Program::<Main>$(System.String[])
FNDA:0,System.Void Program::<Main>$(System.String[])
DA:7,0
DA:9,0
DA:10,0
DA:11,0
DA:12,0
DA:13,0
DA:14,0
DA:17,0
DA:18,0
DA:19,0
DA:21,0
DA:22,0
DA:25,0
DA:28,0
DA:29,0
DA:31,0
DA:32,0
DA:34,0
DA:36,0
DA:39,0
DA:40,0
DA:41,0
DA:42,0
DA:43,0
DA:45,0
DA:47,0
DA:49,0
DA:50,0
DA:51,0
DA:52,0
DA:53,0
DA:54,0
DA:56,0
DA:57,0
DA:58,0
DA:59,0
BRDA:39,252,0,0
BRDA:39,252,1,0
LF:36
LH:0
BRF:2
BRH:0
FNF:1
FNH:0
end_of_record
SF:C:\src\learning\eCommMicroservices\src\Services\Catalog\Catalog.Api\Repositories\ProductRepository.cs
FN:13,System.Void Catalog.Api.Repositories.ProductRepository::.ctor(Catalog.Api.Data.ICatalogContext)
FNDA:0,System.Void Catalog.Api.Repositories.ProductRepository::.ctor(Catalog.Api.Data.ICatalogContext)
DA:14,0
DA:15,0
DA:16,0
DA:17,0
BRDA:16,11,0,0
BRDA:16,11,1,0
FN:20,System.Void Catalog.Api.Repositories.ProductRepository/<CreateProduct>d__2::MoveNext()
FNDA:0,System.Void Catalog.Api.Repositories.ProductRepository/<CreateProduct>d__2::MoveNext()
DA:21,0
DA:22,0
DA:23,0
FN:25,System.Void Catalog.Api.Repositories.ProductRepository/<DeleteProduct>d__3::MoveNext()
FNDA:0,System.Void Catalog.Api.Repositories.ProductRepository/<DeleteProduct>d__3::MoveNext()
DA:26,0
DA:27,0
DA:28,0
DA:30,0
DA:31,0
BRDA:30,260,0,0
BRDA:30,260,1,0
FN:34,System.Void Catalog.Api.Repositories.ProductRepository/<GetProduct>d__4::MoveNext()
FNDA:0,System.Void Catalog.Api.Repositories.ProductRepository/<GetProduct>d__4::MoveNext()
DA:35,0
DA:36,0
DA:37,0
DA:38,0
DA:39,0
DA:40,0
FN:52,System.Void Catalog.Api.Repositories.ProductRepository/<GetProducts>d__6::MoveNext()
FNDA:0,System.Void Catalog.Api.Repositories.ProductRepository/<GetProducts>d__6::MoveNext()
DA:53,0
DA:54,0
DA:55,0
DA:56,0
FN:64,System.Void Catalog.Api.Repositories.ProductRepository/<GetProductsByCategory>d__8::MoveNext()
FNDA:0,System.Void Catalog.Api.Repositories.ProductRepository/<GetProductsByCategory>d__8::MoveNext()
DA:65,0
DA:66,0
DA:68,0
DA:69,0
DA:70,0
DA:71,0
DA:72,0
FN:42,System.Void Catalog.Api.Repositories.ProductRepository/<GetProductsByName>d__5::MoveNext()
FNDA:0,System.Void Catalog.Api.Repositories.ProductRepository/<GetProductsByName>d__5::MoveNext()
DA:43,0
DA:44,0
DA:46,0
DA:47,0
DA:48,0
DA:49,0
DA:50,0
FN:58,System.Void Catalog.Api.Repositories.ProductRepository/<UpdateProduct>d__7::MoveNext()
FNDA:0,System.Void Catalog.Api.Repositories.ProductRepository/<UpdateProduct>d__7::MoveNext()
DA:59,0
DA:60,0
DA:61,0
DA:62,0
BRDA:61,333,0,0
BRDA:61,333,1,0
LF:40
LH:0
BRF:6
BRH:0
FNF:8
FNH:0
end_of_record
SF:C:\src\learning\eCommMicroservices\src\Services\Catalog\Catalog.Api\Middleware\CustomExceptionHandlingMiddleware.cs
FN:28,System.Threading.Tasks.Task Catalog.Api.Middleware.CustomExceptionHandlingMiddleware::HandleGlobalException(Microsoft.AspNetCore.Http.HttpContext,System.Exception)
FNDA:0,System.Threading.Tasks.Task Catalog.Api.Middleware.CustomExceptionHandlingMiddleware::HandleGlobalException(Microsoft.AspNetCore.Http.HttpContext,System.Exception)
DA:29,0
DA:30,0
DA:31,0
DA:32,0
DA:33,0
DA:34,0
DA:37,0
DA:38,0
DA:39,0
DA:40,0
DA:41,0
DA:42,0
DA:43,0
DA:44,0
DA:45,0
DA:46,0
DA:48,0
BRDA:30,12,0,0
BRDA:30,12,1,0
FN:9,System.Void Catalog.Api.Middleware.CustomExceptionHandlingMiddleware::.ctor(Microsoft.AspNetCore.Http.RequestDelegate,Microsoft.Extensions.Logging.ILogger`1<Catalog.Api.Middleware.CustomExceptionHandlingMiddleware>)
FNDA:0,System.Void Catalog.Api.Middleware.CustomExceptionHandlingMiddleware::.ctor(Microsoft.AspNetCore.Http.RequestDelegate,Microsoft.Extensions.Logging.ILogger`1<Catalog.Api.Middleware.CustomExceptionHandlingMiddleware>)
DA:10,0
DA:11,0
DA:12,0
DA:13,0
DA:14,0
FN:16,System.Void Catalog.Api.Middleware.CustomExceptionHandlingMiddleware/<Invoke>d__3::MoveNext()
FNDA:0,System.Void Catalog.Api.Middleware.CustomExceptionHandlingMiddleware/<Invoke>d__3::MoveNext()
DA:17,0
DA:19,0
DA:20,0
DA:21,0
DA:22,0
DA:23,0
DA:24,0
DA:25,0
DA:26,0
LF:31
LH:0
BRF:2
BRH:0
FNF:3
FNH:0
end_of_record
SF:C:\src\learning\eCommMicroservices\src\Services\Catalog\Catalog.Api\Entities\Product.cs
FN:9,System.String Catalog.Api.Entities.Product::get_Id()
FNDA:3,System.String Catalog.Api.Entities.Product::get_Id()
DA:10,3
FN:12,System.String Catalog.Api.Entities.Product::get_Name()
FNDA:0,System.String Catalog.Api.Entities.Product::get_Name()
DA:13,0
FN:14,System.String Catalog.Api.Entities.Product::get_Category()
FNDA:0,System.String Catalog.Api.Entities.Product::get_Category()
DA:15,0
FN:16,System.String Catalog.Api.Entities.Product::get_Summary()
FNDA:0,System.String Catalog.Api.Entities.Product::get_Summary()
DA:17,0
FN:18,System.String Catalog.Api.Entities.Product::get_Description()
FNDA:0,System.String Catalog.Api.Entities.Product::get_Description()
DA:19,0
FN:20,System.String Catalog.Api.Entities.Product::get_ImageFile()
FNDA:0,System.String Catalog.Api.Entities.Product::get_ImageFile()
DA:21,0
FN:22,System.Nullable`1<System.Decimal> Catalog.Api.Entities.Product::get_Price()
FNDA:0,System.Nullable`1<System.Decimal> Catalog.Api.Entities.Product::get_Price()
DA:23,0
LF:7
LH:1
BRF:0
BRH:0
FNF:7
FNH:1
end_of_record
SF:C:\src\learning\eCommMicroservices\src\Services\Catalog\Catalog.Api\Data\CatalogContext.cs
FN:18,MongoDB.Driver.IMongoCollection`1<Catalog.Api.Entities.Product> Catalog.Api.Data.CatalogContext::get_Products()
FNDA:0,MongoDB.Driver.IMongoCollection`1<Catalog.Api.Entities.Product> Catalog.Api.Data.CatalogContext::get_Products()
DA:19,0
FN:7,System.Void Catalog.Api.Data.CatalogContext::.ctor(Microsoft.Extensions.Configuration.IConfiguration)
FNDA:0,System.Void Catalog.Api.Data.CatalogContext::.ctor(Microsoft.Extensions.Configuration.IConfiguration)
DA:8,0
DA:9,0
DA:10,0
DA:11,0
DA:13,0
DA:16,0
DA:17,0
LF:8
LH:0
BRF:0
BRH:0
FNF:2
FNH:0
end_of_record
SF:C:\src\learning\eCommMicroservices\src\Services\Catalog\Catalog.Api\Data\CatalogContextSeed.cs
FN:8,System.Void Catalog.Api.Data.CatalogContextSeed::SeedData(MongoDB.Driver.IMongoCollection`1<Catalog.Api.Entities.Product>)
FNDA:0,System.Void Catalog.Api.Data.CatalogContextSeed::SeedData(MongoDB.Driver.IMongoCollection`1<Catalog.Api.Entities.Product>)
DA:9,0
DA:10,0
DA:12,0
DA:13,0
DA:14,0
DA:15,0
DA:16,0
BRDA:12,86,0,0
BRDA:12,86,1,0
FN:18,System.Collections.Generic.IEnumerable`1<Catalog.Api.Entities.Product> Catalog.Api.Data.CatalogContextSeed::GetPreConfiguredProducts()
FNDA:0,System.Collections.Generic.IEnumerable`1<Catalog.Api.Entities.Product> Catalog.Api.Data.CatalogContextSeed::GetPreConfiguredProducts()
DA:19,0
DA:20,0
DA:21,0
DA:22,0
DA:23,0
DA:24,0
DA:25,0
DA:26,0
DA:27,0
DA:28,0
DA:29,0
DA:30,0
DA:31,0
DA:32,0
DA:33,0
DA:34,0
DA:35,0
DA:36,0
DA:37,0
DA:38,0
DA:39,0
DA:40,0
DA:41,0
DA:42,0
DA:43,0
DA:44,0
DA:45,0
DA:46,0
DA:47,0
DA:48,0
DA:49,0
DA:50,0
DA:51,0
DA:52,0
DA:53,0
DA:54,0
DA:55,0
DA:56,0
DA:57,0
DA:58,0
DA:59,0
DA:60,0
DA:61,0
DA:62,0
DA:63,0
DA:64,0
DA:65,0
DA:66,0
DA:67,0
DA:68,0
DA:69,0
DA:70,0
DA:71,0
DA:72,0
DA:73,0
DA:74,0
DA:75,0
DA:76,0
DA:77,0
DA:78,0
DA:79,0
DA:80,0
DA:81,0
DA:82,0
DA:83,0
LF:72
LH:0
BRF:2
BRH:0
FNF:2
FNH:0
end_of_record
SF:C:\src\learning\eCommMicroservices\src\Services\Catalog\Catalog.Api\Controllers\CatalogController.cs
FN:14,System.Void Catalog.Api.Controllers.CatalogController::.ctor(Catalog.Api.Repositories.IProductRepository,Microsoft.Extensions.Logging.ILogger`1<Catalog.Api.Controllers.CatalogController>)
FNDA:7,System.Void Catalog.Api.Controllers.CatalogController::.ctor(Catalog.Api.Repositories.IProductRepository,Microsoft.Extensions.Logging.ILogger`1<Catalog.Api.Controllers.CatalogController>)
DA:15,7
DA:16,7
DA:17,7
DA:18,7
DA:19,7
FN:56,System.Void Catalog.Api.Controllers.CatalogController/<CreateProduct>d__6::MoveNext()
FNDA:1,System.Void Catalog.Api.Controllers.CatalogController/<CreateProduct>d__6::MoveNext()
DA:57,1
DA:58,1
DA:59,1
DA:60,1
FN:71,System.Void Catalog.Api.Controllers.CatalogController/<DeleteProductById>d__8::MoveNext()
FNDA:1,System.Void Catalog.Api.Controllers.CatalogController/<DeleteProductById>d__8::MoveNext()
DA:72,1
DA:73,1
DA:74,1
FN:23,System.Void Catalog.Api.Controllers.CatalogController/<GetProducts>d__3::MoveNext()
FNDA:1,System.Void Catalog.Api.Controllers.CatalogController/<GetProducts>d__3::MoveNext()
DA:24,1
DA:25,1
DA:26,1
DA:27,1
FN:48,System.Void Catalog.Api.Controllers.CatalogController/<GetProductsByCategory>d__5::MoveNext()
FNDA:1,System.Void Catalog.Api.Controllers.CatalogController/<GetProductsByCategory>d__5::MoveNext()
DA:49,1
DA:50,1
DA:51,1
DA:52,1
FN:32,System.Void Catalog.Api.Controllers.CatalogController/<GetProductsById>d__4::MoveNext()
FNDA:2,System.Void Catalog.Api.Controllers.CatalogController/<GetProductsById>d__4::MoveNext()
DA:33,2
DA:34,2
DA:36,2
DA:37,1
DA:38,1
DA:39,1
DA:42,1
DA:43,2
BRDA:36,164,0,1
BRDA:36,164,1,1
FN:64,System.Void Catalog.Api.Controllers.CatalogController/<UpdateProduct>d__7::MoveNext()
FNDA:1,System.Void Catalog.Api.Controllers.CatalogController/<UpdateProduct>d__7::MoveNext()
DA:65,1
DA:66,1
DA:67,1
LF:31
LH:31
BRF:2
BRH:2
FNF:7
FNH:7
end_of_record